{"contracts\\MockERC20.sol":{"l":{"10":96},"path":"H:\\workspace\\SimpleSwap\\contracts\\MockERC20.sol","s":{"1":96},"b":{},"f":{"1":96},"fnMap":{"1":{"name":"constructor","line":8,"loc":{"start":{"line":7,"column":4},"end":{"line":11,"column":4}}}},"statementMap":{"1":{"start":{"line":10,"column":8},"end":{"line":10,"column":39}}},"branchMap":{}},"contracts\\SimpleSwap.sol":{"l":{"26":52,"27":51,"28":51,"32":0,"52":21,"54":20,"55":17,"56":17,"58":3,"59":3,"60":3,"61":3,"62":3,"64":0,"65":0,"66":0,"67":0,"71":20,"72":20,"74":20,"75":17,"77":3,"83":20,"85":20,"86":20,"87":20,"105":2,"107":2,"109":2,"110":2,"112":2,"113":2,"115":2,"117":2,"118":2,"120":2,"121":2,"122":2,"139":21,"145":21,"146":20,"156":1,"180":2,"185":2,"209":2,"210":2,"212":1,"213":1,"214":1,"216":1,"217":1,"218":1,"220":1,"222":1,"223":1,"225":1,"227":1,"228":1,"229":1,"231":0,"232":0,"235":1,"236":1,"237":1,"239":1,"244":4,"245":4,"246":2,"248":2,"258":5,"260":2,"261":2,"262":2,"263":2,"268":17,"269":17,"270":17,"271":17,"272":1275,"273":1275,"276":0,"282":3},"path":"H:\\workspace\\SimpleSwap\\contracts\\SimpleSwap.sol","s":{"1":52,"2":0,"3":21,"4":20,"5":3,"6":3,"7":3,"8":0,"9":0,"10":20,"11":20,"12":20,"13":20,"14":20,"15":2,"16":2,"17":2,"18":2,"19":2,"20":2,"21":2,"22":2,"23":21,"24":21,"25":20,"26":1,"27":2,"28":2,"29":2,"30":2,"31":1,"32":1,"33":1,"34":1,"35":1,"36":1,"37":1,"38":1,"39":1,"40":1,"41":1,"42":1,"43":4,"44":4,"45":5,"46":2,"47":2,"48":2,"49":17,"50":17,"51":17,"52":0,"53":3},"b":{"1":[51,1],"2":[20,1],"3":[17,3],"4":[3,0],"5":[3,0],"6":[0,0],"7":[17,3],"8":[2,0],"9":[2,0],"10":[2,0],"11":[21,0],"12":[20,1],"13":[20,1],"14":[2,0],"15":[2,0],"16":[2,0],"17":[1,1],"18":[1,0],"19":[1,0],"20":[1,0],"21":[1,0],"22":[1,0],"23":[1,0],"24":[4,0],"25":[2,2],"26":[2,2],"27":[2,3],"28":[17,0],"29":[0,0],"30":[0,3]},"f":{"1":52,"2":0,"3":21,"4":2,"5":21,"6":2,"7":2,"8":4,"9":5,"10":17,"11":3},"fnMap":{"1":{"name":"constructor","line":24,"loc":{"start":{"line":23,"column":4},"end":{"line":29,"column":4}}},"2":{"name":"getReserves","line":31,"loc":{"start":{"line":31,"column":4},"end":{"line":33,"column":4}}},"3":{"name":"_addLiquidity","line":44,"loc":{"start":{"line":44,"column":4},"end":{"line":88,"column":4}}},"4":{"name":"_removeLiquidity","line":98,"loc":{"start":{"line":98,"column":4},"end":{"line":123,"column":4}}},"5":{"name":"addLiquidity","line":126,"loc":{"start":{"line":126,"column":4},"end":{"line":165,"column":4}}},"6":{"name":"removeLiquidity","line":168,"loc":{"start":{"line":168,"column":4},"end":{"line":192,"column":4}}},"7":{"name":"swapExactTokensForTokens","line":202,"loc":{"start":{"line":202,"column":4},"end":{"line":240,"column":4}}},"8":{"name":"getPrice","line":243,"loc":{"start":{"line":243,"column":4},"end":{"line":250,"column":4}}},"9":{"name":"getAmountOut","line":253,"loc":{"start":{"line":253,"column":4},"end":{"line":264,"column":4}}},"10":{"name":"sqrt","line":267,"loc":{"start":{"line":267,"column":4},"end":{"line":278,"column":4}}},"11":{"name":"min","line":281,"loc":{"start":{"line":281,"column":4},"end":{"line":283,"column":4}}}},"statementMap":{"1":{"start":{"line":26,"column":8},"end":{"line":26,"column":54}},"2":{"start":{"line":32,"column":8},"end":{"line":32,"column":35}},"3":{"start":{"line":52,"column":8},"end":{"line":52,"column":62}},"4":{"start":{"line":54,"column":8},"end":{"line":54,"column":1861}},"5":{"start":{"line":58,"column":12},"end":{"line":58,"column":72}},"6":{"start":{"line":59,"column":12},"end":{"line":59,"column":2075}},"7":{"start":{"line":60,"column":16},"end":{"line":60,"column":77}},"8":{"start":{"line":64,"column":16},"end":{"line":64,"column":76}},"9":{"start":{"line":65,"column":16},"end":{"line":65,"column":77}},"10":{"start":{"line":71,"column":8},"end":{"line":71,"column":70}},"11":{"start":{"line":72,"column":8},"end":{"line":72,"column":70}},"12":{"start":{"line":74,"column":8},"end":{"line":74,"column":2733}},"13":{"start":{"line":83,"column":8},"end":{"line":83,"column":27}},"14":{"start":{"line":86,"column":8},"end":{"line":86,"column":60}},"15":{"start":{"line":105,"column":8},"end":{"line":105,"column":62}},"16":{"start":{"line":107,"column":8},"end":{"line":107,"column":34}},"17":{"start":{"line":112,"column":8},"end":{"line":112,"column":62}},"18":{"start":{"line":113,"column":8},"end":{"line":113,"column":62}},"19":{"start":{"line":115,"column":8},"end":{"line":115,"column":35}},"20":{"start":{"line":120,"column":8},"end":{"line":120,"column":43}},"21":{"start":{"line":121,"column":8},"end":{"line":121,"column":43}},"22":{"start":{"line":122,"column":8},"end":{"line":122,"column":70}},"23":{"start":{"line":139,"column":8},"end":{"line":139,"column":4707}},"24":{"start":{"line":145,"column":8},"end":{"line":145,"column":4916}},"25":{"start":{"line":146,"column":12},"end":{"line":146,"column":4980}},"26":{"start":{"line":156,"column":12},"end":{"line":156,"column":5265}},"27":{"start":{"line":180,"column":8},"end":{"line":180,"column":5837}},"28":{"start":{"line":185,"column":8},"end":{"line":185,"column":6014}},"29":{"start":{"line":209,"column":8},"end":{"line":209,"column":48}},"30":{"start":{"line":210,"column":8},"end":{"line":210,"column":62}},"31":{"start":{"line":212,"column":8},"end":{"line":212,"column":31}},"32":{"start":{"line":213,"column":8},"end":{"line":213,"column":32}},"33":{"start":{"line":214,"column":8},"end":{"line":214,"column":116}},"34":{"start":{"line":216,"column":8},"end":{"line":216,"column":37}},"35":{"start":{"line":217,"column":8},"end":{"line":217,"column":53}},"36":{"start":{"line":218,"column":8},"end":{"line":218,"column":54}},"37":{"start":{"line":220,"column":8},"end":{"line":220,"column":70}},"38":{"start":{"line":222,"column":8},"end":{"line":222,"column":70}},"39":{"start":{"line":223,"column":8},"end":{"line":223,"column":71}},"40":{"start":{"line":225,"column":8},"end":{"line":225,"column":45}},"41":{"start":{"line":227,"column":8},"end":{"line":227,"column":7488}},"42":{"start":{"line":239,"column":8},"end":{"line":239,"column":77}},"43":{"start":{"line":244,"column":8},"end":{"line":244,"column":118}},"44":{"start":{"line":245,"column":8},"end":{"line":245,"column":8157}},"45":{"start":{"line":258,"column":8},"end":{"line":258,"column":80}},"46":{"start":{"line":260,"column":8},"end":{"line":260,"column":45}},"47":{"start":{"line":261,"column":8},"end":{"line":261,"column":53}},"48":{"start":{"line":262,"column":8},"end":{"line":262,"column":61}},"49":{"start":{"line":268,"column":8},"end":{"line":268,"column":8987}},"50":{"start":{"line":270,"column":12},"end":{"line":270,"column":30}},"51":{"start":{"line":271,"column":12},"end":{"line":271,"column":9070}},"52":{"start":{"line":275,"column":15},"end":{"line":275,"column":9175}},"53":{"start":{"line":282,"column":8},"end":{"line":282,"column":28}}},"branchMap":{"1":{"line":26,"type":"if","locations":[{"start":{"line":26,"column":8},"end":{"line":26,"column":8}},{"start":{"line":26,"column":8},"end":{"line":26,"column":8}}]},"2":{"line":52,"type":"if","locations":[{"start":{"line":52,"column":8},"end":{"line":52,"column":8}},{"start":{"line":52,"column":8},"end":{"line":52,"column":8}}]},"3":{"line":54,"type":"if","locations":[{"start":{"line":54,"column":8},"end":{"line":54,"column":8}},{"start":{"line":54,"column":8},"end":{"line":54,"column":8}}]},"4":{"line":59,"type":"if","locations":[{"start":{"line":59,"column":12},"end":{"line":59,"column":12}},{"start":{"line":59,"column":12},"end":{"line":59,"column":12}}]},"5":{"line":60,"type":"if","locations":[{"start":{"line":60,"column":16},"end":{"line":60,"column":16}},{"start":{"line":60,"column":16},"end":{"line":60,"column":16}}]},"6":{"line":65,"type":"if","locations":[{"start":{"line":65,"column":16},"end":{"line":65,"column":16}},{"start":{"line":65,"column":16},"end":{"line":65,"column":16}}]},"7":{"line":74,"type":"if","locations":[{"start":{"line":74,"column":8},"end":{"line":74,"column":8}},{"start":{"line":74,"column":8},"end":{"line":74,"column":8}}]},"8":{"line":105,"type":"if","locations":[{"start":{"line":105,"column":8},"end":{"line":105,"column":8}},{"start":{"line":105,"column":8},"end":{"line":105,"column":8}}]},"9":{"line":112,"type":"if","locations":[{"start":{"line":112,"column":8},"end":{"line":112,"column":8}},{"start":{"line":112,"column":8},"end":{"line":112,"column":8}}]},"10":{"line":113,"type":"if","locations":[{"start":{"line":113,"column":8},"end":{"line":113,"column":8}},{"start":{"line":113,"column":8},"end":{"line":113,"column":8}}]},"11":{"line":139,"type":"if","locations":[{"start":{"line":139,"column":8},"end":{"line":139,"column":8}},{"start":{"line":139,"column":8},"end":{"line":139,"column":8}}]},"12":{"line":140,"type":"cond-expr","locations":[{"start":{"line":140,"column":12},"end":{"line":140,"column":51}},{"start":{"line":141,"column":12},"end":{"line":141,"column":51}}]},"13":{"line":145,"type":"if","locations":[{"start":{"line":145,"column":8},"end":{"line":145,"column":8}},{"start":{"line":145,"column":8},"end":{"line":145,"column":8}}]},"14":{"line":180,"type":"if","locations":[{"start":{"line":180,"column":8},"end":{"line":180,"column":8}},{"start":{"line":180,"column":8},"end":{"line":180,"column":8}}]},"15":{"line":181,"type":"cond-expr","locations":[{"start":{"line":181,"column":12},"end":{"line":181,"column":51}},{"start":{"line":182,"column":12},"end":{"line":182,"column":51}}]},"16":{"line":209,"type":"if","locations":[{"start":{"line":209,"column":8},"end":{"line":209,"column":8}},{"start":{"line":209,"column":8},"end":{"line":209,"column":8}}]},"17":{"line":210,"type":"if","locations":[{"start":{"line":210,"column":8},"end":{"line":210,"column":8}},{"start":{"line":210,"column":8},"end":{"line":210,"column":8}}]},"18":{"line":214,"type":"if","locations":[{"start":{"line":214,"column":8},"end":{"line":214,"column":8}},{"start":{"line":214,"column":8},"end":{"line":214,"column":8}}]},"19":{"line":214,"type":"cond-expr","locations":[{"start":{"line":214,"column":16},"end":{"line":214,"column":52}},{"start":{"line":214,"column":57},"end":{"line":214,"column":93}}]},"20":{"line":217,"type":"if","locations":[{"start":{"line":217,"column":34},"end":{"line":217,"column":41}},{"start":{"line":217,"column":45},"end":{"line":217,"column":52}}]},"21":{"line":218,"type":"if","locations":[{"start":{"line":218,"column":35},"end":{"line":218,"column":42}},{"start":{"line":218,"column":46},"end":{"line":218,"column":53}}]},"22":{"line":223,"type":"if","locations":[{"start":{"line":223,"column":8},"end":{"line":223,"column":8}},{"start":{"line":223,"column":8},"end":{"line":223,"column":8}}]},"23":{"line":227,"type":"if","locations":[{"start":{"line":227,"column":8},"end":{"line":227,"column":8}},{"start":{"line":227,"column":8},"end":{"line":227,"column":8}}]},"24":{"line":244,"type":"if","locations":[{"start":{"line":244,"column":8},"end":{"line":244,"column":8}},{"start":{"line":244,"column":8},"end":{"line":244,"column":8}}]},"25":{"line":244,"type":"cond-expr","locations":[{"start":{"line":244,"column":16},"end":{"line":244,"column":55}},{"start":{"line":244,"column":60},"end":{"line":244,"column":99}}]},"26":{"line":245,"type":"if","locations":[{"start":{"line":245,"column":8},"end":{"line":245,"column":8}},{"start":{"line":245,"column":8},"end":{"line":245,"column":8}}]},"27":{"line":258,"type":"if","locations":[{"start":{"line":258,"column":8},"end":{"line":258,"column":8}},{"start":{"line":258,"column":8},"end":{"line":258,"column":8}}]},"28":{"line":268,"type":"if","locations":[{"start":{"line":268,"column":8},"end":{"line":268,"column":8}},{"start":{"line":268,"column":8},"end":{"line":268,"column":8}}]},"29":{"line":275,"type":"if","locations":[{"start":{"line":275,"column":15},"end":{"line":275,"column":15}},{"start":{"line":275,"column":15},"end":{"line":275,"column":15}}]},"30":{"line":282,"type":"if","locations":[{"start":{"line":282,"column":23},"end":{"line":282,"column":23}},{"start":{"line":282,"column":27},"end":{"line":282,"column":27}}]}}},"contracts\\SimpleSwapFactory.sol":{"l":{"23":0,"24":0,"25":0,"28":0,"32":0,"33":0,"35":0,"36":0,"38":0,"40":0,"45":0},"path":"H:\\workspace\\SimpleSwap\\contracts\\SimpleSwapFactory.sol","s":{"1":0,"2":0,"3":0,"4":0,"5":0,"6":0,"7":0,"8":0},"b":{"1":[0,0],"2":[0,0],"3":[0,0],"4":[0,0]},"f":{"1":0,"2":0},"fnMap":{"1":{"name":"createPool","line":22,"loc":{"start":{"line":22,"column":4},"end":{"line":41,"column":4}}},"2":{"name":"allPoolsLength","line":44,"loc":{"start":{"line":44,"column":4},"end":{"line":46,"column":4}}}},"statementMap":{"1":{"start":{"line":23,"column":8},"end":{"line":23,"column":52}},"2":{"start":{"line":24,"column":8},"end":{"line":24,"column":76}},"3":{"start":{"line":25,"column":8},"end":{"line":25,"column":76}},"4":{"start":{"line":28,"column":8},"end":{"line":28,"column":1123}},"5":{"start":{"line":32,"column":8},"end":{"line":32,"column":59}},"6":{"start":{"line":38,"column":8},"end":{"line":38,"column":26}},"7":{"start":{"line":40,"column":8},"end":{"line":40,"column":46}},"8":{"start":{"line":45,"column":8},"end":{"line":45,"column":30}}},"branchMap":{"1":{"line":23,"type":"if","locations":[{"start":{"line":23,"column":8},"end":{"line":23,"column":8}},{"start":{"line":23,"column":8},"end":{"line":23,"column":8}}]},"2":{"line":24,"type":"if","locations":[{"start":{"line":24,"column":8},"end":{"line":24,"column":8}},{"start":{"line":24,"column":8},"end":{"line":24,"column":8}}]},"3":{"line":25,"type":"if","locations":[{"start":{"line":25,"column":8},"end":{"line":25,"column":8}},{"start":{"line":25,"column":8},"end":{"line":25,"column":8}}]},"4":{"line":29,"type":"if","locations":[{"start":{"line":29,"column":14},"end":{"line":29,"column":29}},{"start":{"line":30,"column":14},"end":{"line":30,"column":29}}]}}}}